Pig Stack Trace
---------------
ERROR 1200: Pig script failed to parse: 
<file 1.pig, line 5, column 36> Invalid scalar projection: a : A column needs to be projected from a relation for it to be used as a scalar

org.apache.pig.impl.logicalLayer.FrontendException: ERROR 1000: Error during parsing. Pig script failed to parse: 
<file 1.pig, line 5, column 36> Invalid scalar projection: a : A column needs to be projected from a relation for it to be used as a scalar
	at org.apache.pig.PigServer$Graph.parseQuery(PigServer.java:1597)
	at org.apache.pig.PigServer$Graph.registerQuery(PigServer.java:1540)
	at org.apache.pig.PigServer.registerQuery(PigServer.java:540)
	at org.apache.pig.tools.grunt.GruntParser.processPig(GruntParser.java:970)
	at org.apache.pig.tools.pigscript.parser.PigScriptParser.parse(PigScriptParser.java:386)
	at org.apache.pig.tools.grunt.GruntParser.parseStopOnError(GruntParser.java:189)
	at org.apache.pig.tools.grunt.GruntParser.parseStopOnError(GruntParser.java:165)
	at org.apache.pig.tools.grunt.Grunt.exec(Grunt.java:84)
	at org.apache.pig.Main.run(Main.java:555)
	at org.apache.pig.Main.main(Main.java:111)
	at sun.reflect.NativeMethodAccessorImpl.invoke0(Native Method)
	at sun.reflect.NativeMethodAccessorImpl.invoke(NativeMethodAccessorImpl.java:39)
	at sun.reflect.DelegatingMethodAccessorImpl.invoke(DelegatingMethodAccessorImpl.java:25)
	at java.lang.reflect.Method.invoke(Method.java:597)
	at org.apache.hadoop.util.RunJar.main(RunJar.java:156)
Caused by: Failed to parse: Pig script failed to parse: 
<file 1.pig, line 5, column 36> Invalid scalar projection: a : A column needs to be projected from a relation for it to be used as a scalar
	at org.apache.pig.parser.QueryParserDriver.parse(QueryParserDriver.java:182)
	at org.apache.pig.PigServer$Graph.parseQuery(PigServer.java:1589)
	... 14 more
Caused by: 
<file 1.pig, line 5, column 36> Invalid scalar projection: a : A column needs to be projected from a relation for it to be used as a scalar
	at org.apache.pig.parser.LogicalPlanGenerator.var_expr(LogicalPlanGenerator.java:8764)
	at org.apache.pig.parser.LogicalPlanGenerator.expr(LogicalPlanGenerator.java:7984)
	at org.apache.pig.parser.LogicalPlanGenerator.real_arg(LogicalPlanGenerator.java:7443)
	at org.apache.pig.parser.LogicalPlanGenerator.func_eval(LogicalPlanGenerator.java:7287)
	at org.apache.pig.parser.LogicalPlanGenerator.projectable_expr(LogicalPlanGenerator.java:8857)
	at org.apache.pig.parser.LogicalPlanGenerator.var_expr(LogicalPlanGenerator.java:8632)
	at org.apache.pig.parser.LogicalPlanGenerator.expr(LogicalPlanGenerator.java:7984)
	at org.apache.pig.parser.LogicalPlanGenerator.flatten_generated_item(LogicalPlanGenerator.java:5962)
	at org.apache.pig.parser.LogicalPlanGenerator.generate_clause(LogicalPlanGenerator.java:14101)
	at org.apache.pig.parser.LogicalPlanGenerator.foreach_plan(LogicalPlanGenerator.java:12493)
	at org.apache.pig.parser.LogicalPlanGenerator.foreach_clause(LogicalPlanGenerator.java:12360)
	at org.apache.pig.parser.LogicalPlanGenerator.op_clause(LogicalPlanGenerator.java:1577)
	at org.apache.pig.parser.LogicalPlanGenerator.general_statement(LogicalPlanGenerator.java:789)
	at org.apache.pig.parser.LogicalPlanGenerator.statement(LogicalPlanGenerator.java:507)
	at org.apache.pig.parser.LogicalPlanGenerator.query(LogicalPlanGenerator.java:382)
	at org.apache.pig.parser.QueryParserDriver.parse(QueryParserDriver.java:175)
	... 15 more
================================================================================
